
Currently Loaded Modules:
  1) ips/18.0.1.163   3) impi/18.0.1     5) prod_envir/1.0.3   7) HPSS/5.0.2.5   9) GrADS/2.2.0  11) imagemagick/6.9.9-25  13) cmake/3.10.0  15) perl/DateTime/1.44  17) python/3.6.3
  2) lsf/10.1         4) EnvVars/1.0.2   6) prod_util/1.1.3    8) gempak/7.3.1  10) git/2.14.3   12) perl/XML-Parser/2.44  14) idl/8.6.1     16) pigz/2.3.4

 

++ basename libg2tmpl_v1.6.0.a
+ g2tmplLib=libg2tmpl_v1.6.0.a
++ basename g2tmpl_v1.6.0
+ g2tmplInc=g2tmpl_v1.6.0
+ cd src
+ echo

+ echo '   ... build g2tmpl library ...'
   ... build g2tmpl library ...
+ echo

+ make clean LIB=libg2tmpl_v1.6.0.a MOD=g2tmpl_v1.6.0
rm -f  process_4dot2.o  grib2_all_tables_module.o  g2sec4_temp11.o  g2sec4_temp1.o  g2sec4_temp12.o  gdtsec3.o libg2tmpl_v1.6.0.a
[[ -z "g2tmpl_v1.6.0" ]] || rm -f -r g2tmpl_v1.6.0
+ mkdir -p g2tmpl_v1.6.0
+ FFLAGS='-g -traceback -O3 -fPIC -module g2tmpl_v1.6.0'
+ collect_info g2tmpl - OneLine LibInfo
+ local setx_status=x
+ [[ -n x ]]
+ set +x
+ g2tmplInfo=g2tmpl_info_and_log.txt
+ false
+ make build 'FFLAGS=-g -traceback -O3 -fPIC -module g2tmpl_v1.6.0' LIB=libg2tmpl_v1.6.0.a
++ gen_cfunction g2tmpl_info_and_log.txt OneLine LibInfo
++ local setx_status=x
++ [[ -n x ]]
++ set +x
+ make message MSGSRC=g2tmpl_info_and_log.c LIB=libg2tmpl_v1.6.0.a
icc -c g2tmpl_info_and_log.c
ar rv libg2tmpl_v1.6.0.a  g2tmpl_info_and_log.o
a - g2tmpl_info_and_log.o
rm -f g2tmpl_info_and_log.c  g2tmpl_info_and_log.o
+ true
+ false
+ false
+ LIB_DIR=/gpfs/dell2/emc/modeling/noscrub/Boi.Vuong/NCEPLIBS-g2tmpl/lib
+ INCP_DIR=/gpfs/dell2/emc/modeling/noscrub/Boi.Vuong/NCEPLIBS-g2tmpl/include
+ [[ /gpfs/dell2/emc/modeling/noscrub/Boi.Vuong/NCEPLIBS-g2tmpl == .. ]]
+ G2TMPL_INC=/gpfs/dell2/emc/modeling/noscrub/Boi.Vuong/NCEPLIBS-g2tmpl/include/g2tmpl_v1.6.0
+ '[' -d /gpfs/dell2/emc/modeling/noscrub/Boi.Vuong/NCEPLIBS-g2tmpl/include/g2tmpl_v1.6.0 ']'
+ mkdir -p /gpfs/dell2/emc/modeling/noscrub/Boi.Vuong/NCEPLIBS-g2tmpl/include
+ SRC_DIR=/gpfs/dell2/emc/modeling/noscrub/Boi.Vuong/NCEPLIBS-g2tmpl/src/g2tmpl_v1.6.0
+ '[' -d /gpfs/dell2/emc/modeling/noscrub/Boi.Vuong/NCEPLIBS-g2tmpl/lib ']'
+ mkdir -p /gpfs/dell2/emc/modeling/noscrub/Boi.Vuong/NCEPLIBS-g2tmpl/lib
+ '[' -z /gpfs/dell2/emc/modeling/noscrub/Boi.Vuong/NCEPLIBS-g2tmpl/src/g2tmpl_v1.6.0 ']'
+ '[' -d /gpfs/dell2/emc/modeling/noscrub/Boi.Vuong/NCEPLIBS-g2tmpl/src/g2tmpl_v1.6.0 ']'
+ make clean LIB=
rm -f  process_4dot2.o  grib2_all_tables_module.o  g2sec4_temp11.o  g2sec4_temp1.o  g2sec4_temp12.o  gdtsec3.o 
[[ -z "" ]] || rm -f -r 
+ make install LIB=libg2tmpl_v1.6.0.a MOD=g2tmpl_v1.6.0 LIB_DIR=/gpfs/dell2/emc/modeling/noscrub/Boi.Vuong/NCEPLIBS-g2tmpl/lib INC_DIR=/gpfs/dell2/emc/modeling/noscrub/Boi.Vuong/NCEPLIBS-g2tmpl/include SRC_DIR=/gpfs/dell2/emc/modeling/noscrub/Boi.Vuong/NCEPLIBS-g2tmpl/src/g2tmpl_v1.6.0
[[ -z "libg2tmpl_v1.6.0.a" || -z "/gpfs/dell2/emc/modeling/noscrub/Boi.Vuong/NCEPLIBS-g2tmpl/lib" ]] || mv libg2tmpl_v1.6.0.a /gpfs/dell2/emc/modeling/noscrub/Boi.Vuong/NCEPLIBS-g2tmpl/lib
[[ -z "g2tmpl_v1.6.0" || -z "/gpfs/dell2/emc/modeling/noscrub/Boi.Vuong/NCEPLIBS-g2tmpl/include" ]] || mv g2tmpl_v1.6.0 /gpfs/dell2/emc/modeling/noscrub/Boi.Vuong/NCEPLIBS-g2tmpl/include
[[ -z "/gpfs/dell2/emc/modeling/noscrub/Boi.Vuong/NCEPLIBS-g2tmpl/src/g2tmpl_v1.6.0" ]] || cp ./* /gpfs/dell2/emc/modeling/noscrub/Boi.Vuong/NCEPLIBS-g2tmpl/src/g2tmpl_v1.6.0
cp: target ‘/gpfs/dell2/emc/modeling/noscrub/Boi.Vuong/NCEPLIBS-g2tmpl/src/g2tmpl_v1.6.0’ is not a directory
make: *** [install] Error 1
